{
  "stats": {
    "suites": 12,
    "tests": 0,
    "passes": 0,
    "pending": 0,
    "failures": 0,
    "start": "2022-03-21T17:17:49.465Z",
    "end": "2022-03-21T17:17:55.280Z",
    "duration": 5815,
    "testsRegistered": 41,
    "passPercent": 0,
    "pendingPercent": 0,
    "other": 12,
    "hasOther": true,
    "skipped": 41,
    "hasSkipped": true
  },
  "results": [
    {
      "uuid": "4e3ce0e6-1d5f-42a4-afd1-b8caf8436c27",
      "title": "",
      "fullFile": "cypress/integration/project.spec.js",
      "file": "cypress/integration/project.spec.js",
      "beforeHooks": [],
      "afterHooks": [],
      "tests": [],
      "suites": [
        {
          "uuid": "944c8253-c92c-4956-8825-2a14226bf755",
          "title": "1 - Adicione à página o título \"Paleta de Cores\".",
          "fullFile": "",
          "file": "",
          "beforeHooks": [],
          "afterHooks": [],
          "tests": [
            {
              "title": "Verifica se contém um elemento `h1` com o id `title` com o título correto",
              "fullTitle": "1 - Adicione à página o título \"Paleta de Cores\". Verifica se contém um elemento `h1` com o id `title` com o título correto",
              "timedOut": null,
              "duration": 635,
              "state": "failed",
              "speed": null,
              "pass": false,
              "fail": true,
              "pending": false,
              "context": null,
              "code": "cy.get('h1#title').should('contain.text', 'Paleta de Cores');",
              "err": {
                "message": "CypressError: cy.visit() failed trying to load:\n\n./index.html\n\nWe failed looking for this file at the path:\n\n/home/carlos/Projetos/sd-021-b-project-pixels-art/index.html\n\nThe internal Cypress web server responded with:\n\n  > 404: Not Found\n\nBecause this error occurred during a 'before each' hook we are skipping the remaining tests in the current suite: '1 - Adicione à página o tít...'",
                "estack": "CypressError: cy.visit() failed trying to load:\n\n./index.html\n\nWe failed looking for this file at the path:\n\n/home/carlos/Projetos/sd-021-b-project-pixels-art/index.html\n\nThe internal Cypress web server responded with:\n\n  > 404: Not Found\n\nBecause this error occurred during a 'before each' hook we are skipping the remaining tests in the current suite: '1 - Adicione à página o tít...'\n    at cypressErr (http://localhost:43925/__cypress/runner/cypress_runner.js:149934:9)\n    at throwErr (http://localhost:43925/__cypress/runner/cypress_runner.js:149867:11)\n    at Object.throwErrByPath (http://localhost:43925/__cypress/runner/cypress_runner.js:149915:3)\n    at http://localhost:43925/__cypress/runner/cypress_runner.js:138814:34\n    at visitFailedByErr (http://localhost:43925/__cypress/runner/cypress_runner.js:138327:12)\n    at http://localhost:43925/__cypress/runner/cypress_runner.js:138795:22\n    at tryCatcher (http://localhost:43925/__cypress/runner/cypress_runner.js:167415:23)\n    at Promise._settlePromiseFromHandler (http://localhost:43925/__cypress/runner/cypress_runner.js:165351:31)\n    at Promise._settlePromise (http://localhost:43925/__cypress/runner/cypress_runner.js:165408:18)\n    at Promise._settlePromise0 (http://localhost:43925/__cypress/runner/cypress_runner.js:165453:10)\n    at Promise._settlePromises (http://localhost:43925/__cypress/runner/cypress_runner.js:165528:18)\n    at Async../node_modules/bluebird/js/release/async.js.Async._drainQueue (http://localhost:43925/__cypress/runner/cypress_runner.js:162140:16)\n    at Async../node_modules/bluebird/js/release/async.js.Async._drainQueues (http://localhost:43925/__cypress/runner/cypress_runner.js:162150:10)\n    at Async.drainQueues (http://localhost:43925/__cypress/runner/cypress_runner.js:162024:14)",
                "diff": null
              },
              "uuid": "e5de4423-a8e1-45dd-a6e1-ebfa2f642859",
              "parentUUID": "944c8253-c92c-4956-8825-2a14226bf755",
              "isHook": false,
              "skipped": false
            }
          ],
          "suites": [],
          "passes": [],
          "failures": [
            "e5de4423-a8e1-45dd-a6e1-ebfa2f642859"
          ],
          "pending": [],
          "skipped": [],
          "duration": 635,
          "root": false,
          "rootEmpty": false,
          "_timeout": 2000
        },
        {
          "uuid": "a8f56af2-cae3-4a83-8bf0-231dfae72feb",
          "title": "2 - Adicione à página uma paleta de quatro cores distintas.",
          "fullFile": "",
          "file": "",
          "beforeHooks": [],
          "afterHooks": [],
          "tests": [
            {
              "title": "A paleta de cores deve ser um elemento com `id` denominado `color-palette` e ter mais de 0px de altura e de largura.",
              "fullTitle": "2 - Adicione à página uma paleta de quatro cores distintas. A paleta de cores deve ser um elemento com `id` denominado `color-palette` e ter mais de 0px de altura e de largura.",
              "timedOut": null,
              "duration": 557,
              "state": "failed",
              "speed": null,
              "pass": false,
              "fail": true,
              "pending": false,
              "context": null,
              "code": "cy.get('#color-palette').should('be.visible');\ncy.get('#color-palette').children('.color');",
              "err": {
                "message": "CypressError: cy.visit() failed trying to load:\n\n./index.html\n\nWe failed looking for this file at the path:\n\n/home/carlos/Projetos/sd-021-b-project-pixels-art/index.html\n\nThe internal Cypress web server responded with:\n\n  > 404: Not Found\n\nBecause this error occurred during a 'before each' hook we are skipping the remaining tests in the current suite: '2 - Adicione à página uma p...'",
                "estack": "CypressError: cy.visit() failed trying to load:\n\n./index.html\n\nWe failed looking for this file at the path:\n\n/home/carlos/Projetos/sd-021-b-project-pixels-art/index.html\n\nThe internal Cypress web server responded with:\n\n  > 404: Not Found\n\nBecause this error occurred during a 'before each' hook we are skipping the remaining tests in the current suite: '2 - Adicione à página uma p...'\n    at cypressErr (http://localhost:43925/__cypress/runner/cypress_runner.js:149934:9)\n    at throwErr (http://localhost:43925/__cypress/runner/cypress_runner.js:149867:11)\n    at Object.throwErrByPath (http://localhost:43925/__cypress/runner/cypress_runner.js:149915:3)\n    at http://localhost:43925/__cypress/runner/cypress_runner.js:138814:34\n    at visitFailedByErr (http://localhost:43925/__cypress/runner/cypress_runner.js:138327:12)\n    at http://localhost:43925/__cypress/runner/cypress_runner.js:138795:22\n    at tryCatcher (http://localhost:43925/__cypress/runner/cypress_runner.js:167415:23)\n    at Promise._settlePromiseFromHandler (http://localhost:43925/__cypress/runner/cypress_runner.js:165351:31)\n    at Promise._settlePromise (http://localhost:43925/__cypress/runner/cypress_runner.js:165408:18)\n    at Promise._settlePromise0 (http://localhost:43925/__cypress/runner/cypress_runner.js:165453:10)\n    at Promise._settlePromises (http://localhost:43925/__cypress/runner/cypress_runner.js:165528:18)\n    at Async../node_modules/bluebird/js/release/async.js.Async._drainQueue (http://localhost:43925/__cypress/runner/cypress_runner.js:162140:16)\n    at Async../node_modules/bluebird/js/release/async.js.Async._drainQueues (http://localhost:43925/__cypress/runner/cypress_runner.js:162150:10)\n    at Async.drainQueues (http://localhost:43925/__cypress/runner/cypress_runner.js:162024:14)",
                "diff": null
              },
              "uuid": "792ed7b1-b5a3-4d22-abec-1fc4223bd43a",
              "parentUUID": "a8f56af2-cae3-4a83-8bf0-231dfae72feb",
              "isHook": false,
              "skipped": false
            },
            {
              "title": "Verifica se cada cor individual da paleta de cores possui a `classe` chamada `color`.",
              "fullTitle": "2 - Adicione à página uma paleta de quatro cores distintas. Verifica se cada cor individual da paleta de cores possui a `classe` chamada `color`.",
              "timedOut": null,
              "duration": 0,
              "state": "skipped",
              "speed": null,
              "pass": false,
              "fail": false,
              "pending": false,
              "context": null,
              "code": "cy.get('.color').should('have.length', 4).then(function (colors) {\n  for (var i = 0; i < colors.length; i++) {\n    cy.wrap(colors[i]).should('be.visible');\n  }\n});",
              "err": {},
              "uuid": "a1d551e3-6a46-4254-b749-49147fa357bc",
              "parentUUID": "a8f56af2-cae3-4a83-8bf0-231dfae72feb",
              "isHook": false,
              "skipped": true
            },
            {
              "title": "Verifica se a cor de fundo de cada elemento da paleta é a cor que o elemento representa. **A única cor não permitida na paleta é a cor branca.**",
              "fullTitle": "2 - Adicione à página uma paleta de quatro cores distintas. Verifica se a cor de fundo de cada elemento da paleta é a cor que o elemento representa. **A única cor não permitida na paleta é a cor branca.**",
              "timedOut": null,
              "duration": 0,
              "state": "skipped",
              "speed": null,
              "pass": false,
              "fail": false,
              "pending": false,
              "context": null,
              "code": "cy.get('.color').each(function (color) {\n  cy.wrap(color).should('have.class', 'color').and('not.have.css', 'background-color', WHITE);\n  cy.wrap(color).should('have.css', 'background-color');\n});",
              "err": {},
              "uuid": "d0125c46-464d-4c52-9eb3-5a084a8528c1",
              "parentUUID": "a8f56af2-cae3-4a83-8bf0-231dfae72feb",
              "isHook": false,
              "skipped": true
            },
            {
              "title": "Verifica se cada elemento da paleta de cores tem uma borda preta, sólida e com 1 pixel de largura;",
              "fullTitle": "2 - Adicione à página uma paleta de quatro cores distintas. Verifica se cada elemento da paleta de cores tem uma borda preta, sólida e com 1 pixel de largura;",
              "timedOut": null,
              "duration": 0,
              "state": "skipped",
              "speed": null,
              "pass": false,
              "fail": false,
              "pending": false,
              "context": null,
              "code": "cy.get('.color').each(function (color) {\n  cy.wrap(color).and('have.css', 'border', \"1px solid \".concat(BLACK)).and('have.class', 'color');\n});",
              "err": {},
              "uuid": "ac03026e-96ed-477b-ab62-e9f8722b3f91",
              "parentUUID": "a8f56af2-cae3-4a83-8bf0-231dfae72feb",
              "isHook": false,
              "skipped": true
            },
            {
              "title": "Verifica se a paleta lista todas as cores disponíveis para utilização, lado a lado.",
              "fullTitle": "2 - Adicione à página uma paleta de quatro cores distintas. Verifica se a paleta lista todas as cores disponíveis para utilização, lado a lado.",
              "timedOut": null,
              "duration": 0,
              "state": "skipped",
              "speed": null,
              "pass": false,
              "fail": false,
              "pending": false,
              "context": null,
              "code": "cy.get('.color').then(function (colors) {\n  for (var index = 1; index < colors.length; index += 1) {\n    var currentColor = colors[index];\n    var previousColor = colors[index - 1];\n    cy.wrap(currentColor).should('be.onTheRightOf', previousColor).and('be.horizontallyAlignedWith', previousColor);\n  }\n});",
              "err": {},
              "uuid": "be19733b-6f2c-4188-9545-05069e8f97ed",
              "parentUUID": "a8f56af2-cae3-4a83-8bf0-231dfae72feb",
              "isHook": false,
              "skipped": true
            },
            {
              "title": "Verifica se a paleta de cores está posicionada abaixo do título 'Paleta de Cores'",
              "fullTitle": "2 - Adicione à página uma paleta de quatro cores distintas. Verifica se a paleta de cores está posicionada abaixo do título 'Paleta de Cores'",
              "timedOut": null,
              "duration": 0,
              "state": "skipped",
              "speed": null,
              "pass": false,
              "fail": false,
              "pending": false,
              "context": null,
              "code": "cy.get('h1#title').then(function (title) {\n  cy.get('#color-palette').should('be.belowOf', title);\n});",
              "err": {},
              "uuid": "27f1012d-0b98-4020-80e3-042f1af5ea41",
              "parentUUID": "a8f56af2-cae3-4a83-8bf0-231dfae72feb",
              "isHook": false,
              "skipped": true
            },
            {
              "title": "Verifica se a paleta de cores não contém cores repetidas.",
              "fullTitle": "2 - Adicione à página uma paleta de quatro cores distintas. Verifica se a paleta de cores não contém cores repetidas.",
              "timedOut": null,
              "duration": 0,
              "state": "skipped",
              "speed": null,
              "pass": false,
              "fail": false,
              "pending": false,
              "context": null,
              "code": "cy.get('.color').then(function (colors) {\n  var allColors = Array.from(colors).map(function (color) {\n    return Cypress.$(color).css('background-color');\n  });\n  cy.log(allColors);\n  var uniqColors = (0, _toConsumableArray2[\"default\"])(new Set(allColors));\n  cy.log(uniqColors);\n  expect(allColors.length).to.eq(uniqColors.length);\n});",
              "err": {},
              "uuid": "463becc8-e91c-4a0e-8920-d6a918c581c5",
              "parentUUID": "a8f56af2-cae3-4a83-8bf0-231dfae72feb",
              "isHook": false,
              "skipped": true
            }
          ],
          "suites": [],
          "passes": [],
          "failures": [
            "792ed7b1-b5a3-4d22-abec-1fc4223bd43a"
          ],
          "pending": [],
          "skipped": [
            "a1d551e3-6a46-4254-b749-49147fa357bc",
            "d0125c46-464d-4c52-9eb3-5a084a8528c1",
            "ac03026e-96ed-477b-ab62-e9f8722b3f91",
            "be19733b-6f2c-4188-9545-05069e8f97ed",
            "27f1012d-0b98-4020-80e3-042f1af5ea41",
            "463becc8-e91c-4a0e-8920-d6a918c581c5"
          ],
          "duration": 557,
          "root": false,
          "rootEmpty": false,
          "_timeout": 2000
        },
        {
          "uuid": "989cc389-ba47-4ec3-8e24-9269c7d5cafe",
          "title": "3 - Adicione a cor **preta** como a primeira cor da paleta de cores.",
          "fullFile": "",
          "file": "",
          "beforeHooks": [],
          "afterHooks": [],
          "tests": [
            {
              "title": "Verifica se a primeira cor da paleta é preta",
              "fullTitle": "3 - Adicione a cor **preta** como a primeira cor da paleta de cores. Verifica se a primeira cor da paleta é preta",
              "timedOut": null,
              "duration": 520,
              "state": "failed",
              "speed": null,
              "pass": false,
              "fail": true,
              "pending": false,
              "context": null,
              "code": "cy.get('.color').first().should('have.css', 'background-color', BLACK);",
              "err": {
                "message": "CypressError: cy.visit() failed trying to load:\n\n./index.html\n\nWe failed looking for this file at the path:\n\n/home/carlos/Projetos/sd-021-b-project-pixels-art/index.html\n\nThe internal Cypress web server responded with:\n\n  > 404: Not Found\n\nBecause this error occurred during a 'before each' hook we are skipping the remaining tests in the current suite: '3 - Adicione a cor **preta*...'",
                "estack": "CypressError: cy.visit() failed trying to load:\n\n./index.html\n\nWe failed looking for this file at the path:\n\n/home/carlos/Projetos/sd-021-b-project-pixels-art/index.html\n\nThe internal Cypress web server responded with:\n\n  > 404: Not Found\n\nBecause this error occurred during a 'before each' hook we are skipping the remaining tests in the current suite: '3 - Adicione a cor **preta*...'\n    at cypressErr (http://localhost:43925/__cypress/runner/cypress_runner.js:149934:9)\n    at throwErr (http://localhost:43925/__cypress/runner/cypress_runner.js:149867:11)\n    at Object.throwErrByPath (http://localhost:43925/__cypress/runner/cypress_runner.js:149915:3)\n    at http://localhost:43925/__cypress/runner/cypress_runner.js:138814:34\n    at visitFailedByErr (http://localhost:43925/__cypress/runner/cypress_runner.js:138327:12)\n    at http://localhost:43925/__cypress/runner/cypress_runner.js:138795:22\n    at tryCatcher (http://localhost:43925/__cypress/runner/cypress_runner.js:167415:23)\n    at Promise._settlePromiseFromHandler (http://localhost:43925/__cypress/runner/cypress_runner.js:165351:31)\n    at Promise._settlePromise (http://localhost:43925/__cypress/runner/cypress_runner.js:165408:18)\n    at Promise._settlePromise0 (http://localhost:43925/__cypress/runner/cypress_runner.js:165453:10)\n    at Promise._settlePromises (http://localhost:43925/__cypress/runner/cypress_runner.js:165528:18)\n    at Async../node_modules/bluebird/js/release/async.js.Async._drainQueue (http://localhost:43925/__cypress/runner/cypress_runner.js:162140:16)\n    at Async../node_modules/bluebird/js/release/async.js.Async._drainQueues (http://localhost:43925/__cypress/runner/cypress_runner.js:162150:10)\n    at Async.drainQueues (http://localhost:43925/__cypress/runner/cypress_runner.js:162024:14)",
                "diff": null
              },
              "uuid": "eccab6d8-6c4f-4d1c-bdb9-8b1d4cad5e19",
              "parentUUID": "989cc389-ba47-4ec3-8e24-9269c7d5cafe",
              "isHook": false,
              "skipped": false
            },
            {
              "title": "Verifica se as demais cores podem ser escolhidas livremente.",
              "fullTitle": "3 - Adicione a cor **preta** como a primeira cor da paleta de cores. Verifica se as demais cores podem ser escolhidas livremente.",
              "timedOut": null,
              "duration": 0,
              "state": "skipped",
              "speed": null,
              "pass": false,
              "fail": false,
              "pending": false,
              "context": null,
              "code": "cy.get('.color').eq(1).should('not.have.css', 'background-color', BLACK);\ncy.get('.color').eq(1).should('not.have.css', 'background-color', WHITE);\ncy.get('.color').eq(1).should('not.have.css', 'background-color', 'rgba(0, 0, 0, 0)');\ncy.get('.color').eq(1).should('have.css', 'background-color');\ncy.get('.color').eq(2).should('not.have.css', 'background-color', BLACK);\ncy.get('.color').eq(2).should('not.have.css', 'background-color', WHITE);\ncy.get('.color').eq(2).should('not.have.css', 'background-color', 'rgba(0, 0, 0, 0)');\ncy.get('.color').eq(2).should('have.css', 'background-color');\ncy.get('.color').eq(3).should('not.have.css', 'background-color', BLACK);\ncy.get('.color').eq(3).should('not.have.css', 'background-color', WHITE);\ncy.get('.color').eq(3).should('not.have.css', 'background-color', 'rgba(0, 0, 0, 0)');\ncy.get('.color').eq(3).should('have.css', 'background-color');",
              "err": {},
              "uuid": "fc835fbf-9b2d-428e-82b3-eed214783939",
              "parentUUID": "989cc389-ba47-4ec3-8e24-9269c7d5cafe",
              "isHook": false,
              "skipped": true
            }
          ],
          "suites": [],
          "passes": [],
          "failures": [
            "eccab6d8-6c4f-4d1c-bdb9-8b1d4cad5e19"
          ],
          "pending": [],
          "skipped": [
            "fc835fbf-9b2d-428e-82b3-eed214783939"
          ],
          "duration": 520,
          "root": false,
          "rootEmpty": false,
          "_timeout": 2000
        },
        {
          "uuid": "b4cf859a-8458-42f0-a38f-35a16d60dd9c",
          "title": "4 - Adicione à página um quadro de pixels, com 25 pixels.",
          "fullFile": "",
          "file": "",
          "beforeHooks": [],
          "afterHooks": [],
          "tests": [
            {
              "title": "Verifica se o quadro de pixels possui o `id` denominado `pixel-board`",
              "fullTitle": "4 - Adicione à página um quadro de pixels, com 25 pixels. Verifica se o quadro de pixels possui o `id` denominado `pixel-board`",
              "timedOut": null,
              "duration": 388,
              "state": "failed",
              "speed": null,
              "pass": false,
              "fail": true,
              "pending": false,
              "context": null,
              "code": "cy.get('#pixel-board').should('be.visible');",
              "err": {
                "message": "CypressError: cy.visit() failed trying to load:\n\n./index.html\n\nWe failed looking for this file at the path:\n\n/home/carlos/Projetos/sd-021-b-project-pixels-art/index.html\n\nThe internal Cypress web server responded with:\n\n  > 404: Not Found\n\nBecause this error occurred during a 'before each' hook we are skipping the remaining tests in the current suite: '4 - Adicione à página um qu...'",
                "estack": "CypressError: cy.visit() failed trying to load:\n\n./index.html\n\nWe failed looking for this file at the path:\n\n/home/carlos/Projetos/sd-021-b-project-pixels-art/index.html\n\nThe internal Cypress web server responded with:\n\n  > 404: Not Found\n\nBecause this error occurred during a 'before each' hook we are skipping the remaining tests in the current suite: '4 - Adicione à página um qu...'\n    at cypressErr (http://localhost:43925/__cypress/runner/cypress_runner.js:149934:9)\n    at throwErr (http://localhost:43925/__cypress/runner/cypress_runner.js:149867:11)\n    at Object.throwErrByPath (http://localhost:43925/__cypress/runner/cypress_runner.js:149915:3)\n    at http://localhost:43925/__cypress/runner/cypress_runner.js:138814:34\n    at visitFailedByErr (http://localhost:43925/__cypress/runner/cypress_runner.js:138327:12)\n    at http://localhost:43925/__cypress/runner/cypress_runner.js:138795:22\n    at tryCatcher (http://localhost:43925/__cypress/runner/cypress_runner.js:167415:23)\n    at Promise._settlePromiseFromHandler (http://localhost:43925/__cypress/runner/cypress_runner.js:165351:31)\n    at Promise._settlePromise (http://localhost:43925/__cypress/runner/cypress_runner.js:165408:18)\n    at Promise._settlePromise0 (http://localhost:43925/__cypress/runner/cypress_runner.js:165453:10)\n    at Promise._settlePromises (http://localhost:43925/__cypress/runner/cypress_runner.js:165528:18)\n    at Async../node_modules/bluebird/js/release/async.js.Async._drainQueue (http://localhost:43925/__cypress/runner/cypress_runner.js:162140:16)\n    at Async../node_modules/bluebird/js/release/async.js.Async._drainQueues (http://localhost:43925/__cypress/runner/cypress_runner.js:162150:10)\n    at Async.drainQueues (http://localhost:43925/__cypress/runner/cypress_runner.js:162024:14)",
                "diff": null
              },
              "uuid": "fa59374c-ae1a-4766-9fbc-956e545f940b",
              "parentUUID": "b4cf859a-8458-42f0-a38f-35a16d60dd9c",
              "isHook": false,
              "skipped": false
            },
            {
              "title": "Verifica se cada pixel individual dentro do quadro possui a `classe` denominada `pixel`.",
              "fullTitle": "4 - Adicione à página um quadro de pixels, com 25 pixels. Verifica se cada pixel individual dentro do quadro possui a `classe` denominada `pixel`.",
              "timedOut": null,
              "duration": 0,
              "state": "skipped",
              "speed": null,
              "pass": false,
              "fail": false,
              "pending": false,
              "context": null,
              "code": "cy.get('.pixel').should('have.length', 25);",
              "err": {},
              "uuid": "f31bdf11-d867-41a9-a118-ffefd57ca506",
              "parentUUID": "b4cf859a-8458-42f0-a38f-35a16d60dd9c",
              "isHook": false,
              "skipped": true
            },
            {
              "title": "Verifica se a cor inicial dos pixels dentro do quadro, ao abrir a página, é branca.",
              "fullTitle": "4 - Adicione à página um quadro de pixels, com 25 pixels. Verifica se a cor inicial dos pixels dentro do quadro, ao abrir a página, é branca.",
              "timedOut": null,
              "duration": 0,
              "state": "skipped",
              "speed": null,
              "pass": false,
              "fail": false,
              "pending": false,
              "context": null,
              "code": "cy.get('.pixel').should('have.length', 25).each(function (pixel) {\n  expect(pixel).to.have.css('background-color', WHITE);\n});",
              "err": {},
              "uuid": "5809c9b8-d300-45bd-b724-2fcb79574e0b",
              "parentUUID": "b4cf859a-8458-42f0-a38f-35a16d60dd9c",
              "isHook": false,
              "skipped": true
            },
            {
              "title": "Verifica se o quadro de pixels aparece abaixo da paleta de cores",
              "fullTitle": "4 - Adicione à página um quadro de pixels, com 25 pixels. Verifica se o quadro de pixels aparece abaixo da paleta de cores",
              "timedOut": null,
              "duration": 0,
              "state": "skipped",
              "speed": null,
              "pass": false,
              "fail": false,
              "pending": false,
              "context": null,
              "code": "cy.get('#color-palette').then(function (palette) {\n  cy.get('#pixel-board').should('be.belowOf', palette);\n});",
              "err": {},
              "uuid": "9adc0986-fa91-4524-8a50-89dfb3084873",
              "parentUUID": "b4cf859a-8458-42f0-a38f-35a16d60dd9c",
              "isHook": false,
              "skipped": true
            }
          ],
          "suites": [],
          "passes": [],
          "failures": [
            "fa59374c-ae1a-4766-9fbc-956e545f940b"
          ],
          "pending": [],
          "skipped": [
            "f31bdf11-d867-41a9-a118-ffefd57ca506",
            "5809c9b8-d300-45bd-b724-2fcb79574e0b",
            "9adc0986-fa91-4524-8a50-89dfb3084873"
          ],
          "duration": 388,
          "root": false,
          "rootEmpty": false,
          "_timeout": 2000
        },
        {
          "uuid": "ab3cf5c3-c66f-4b5d-b719-fe2c370c2039",
          "title": "5 - Faça com que cada elemento do quadro de pixels possua 40 pixels de largura, 40 pixels de altura e seja delimitado por uma borda preta de 1 pixel.",
          "fullFile": "",
          "file": "",
          "beforeHooks": [],
          "afterHooks": [],
          "tests": [
            {
              "title": "Verifica se o quadro de pixels tem altura e comprimento de 5 elementos",
              "fullTitle": "5 - Faça com que cada elemento do quadro de pixels possua 40 pixels de largura, 40 pixels de altura e seja delimitado por uma borda preta de 1 pixel. Verifica se o quadro de pixels tem altura e comprimento de 5 elementos",
              "timedOut": null,
              "duration": 350,
              "state": "failed",
              "speed": null,
              "pass": false,
              "fail": true,
              "pending": false,
              "context": null,
              "code": "cy.get('.pixel').should('have.length', 25).each(function (pixel) {\n  expect(pixel).to.have.css('background-color', WHITE);\n}).and(function (pixels) {\n  var rows = chunk(pixels, 5);\n  rows.forEach(function (row) {\n    for (var index = 1; index < row.length; index += 1) {\n      var current = pixels[index];\n      var previous = pixels[index - 1];\n      cy.wrap(current).should('be.onTheRightOf', previous).and('be.horizontallyAlignedWith', previous);\n    }\n  });\n  for (var index = 1; index < 5; index += 1) {\n    expect(pixels[index * 5]).to.be.belowOf(pixels[(index - 1) * 5]);\n  }\n});",
              "err": {
                "message": "CypressError: cy.visit() failed trying to load:\n\n./index.html\n\nWe failed looking for this file at the path:\n\n/home/carlos/Projetos/sd-021-b-project-pixels-art/index.html\n\nThe internal Cypress web server responded with:\n\n  > 404: Not Found\n\nBecause this error occurred during a 'before each' hook we are skipping the remaining tests in the current suite: '5 - Faça com que cada eleme...'",
                "estack": "CypressError: cy.visit() failed trying to load:\n\n./index.html\n\nWe failed looking for this file at the path:\n\n/home/carlos/Projetos/sd-021-b-project-pixels-art/index.html\n\nThe internal Cypress web server responded with:\n\n  > 404: Not Found\n\nBecause this error occurred during a 'before each' hook we are skipping the remaining tests in the current suite: '5 - Faça com que cada eleme...'\n    at cypressErr (http://localhost:43925/__cypress/runner/cypress_runner.js:149934:9)\n    at throwErr (http://localhost:43925/__cypress/runner/cypress_runner.js:149867:11)\n    at Object.throwErrByPath (http://localhost:43925/__cypress/runner/cypress_runner.js:149915:3)\n    at http://localhost:43925/__cypress/runner/cypress_runner.js:138814:34\n    at visitFailedByErr (http://localhost:43925/__cypress/runner/cypress_runner.js:138327:12)\n    at http://localhost:43925/__cypress/runner/cypress_runner.js:138795:22\n    at tryCatcher (http://localhost:43925/__cypress/runner/cypress_runner.js:167415:23)\n    at Promise._settlePromiseFromHandler (http://localhost:43925/__cypress/runner/cypress_runner.js:165351:31)\n    at Promise._settlePromise (http://localhost:43925/__cypress/runner/cypress_runner.js:165408:18)\n    at Promise._settlePromise0 (http://localhost:43925/__cypress/runner/cypress_runner.js:165453:10)\n    at Promise._settlePromises (http://localhost:43925/__cypress/runner/cypress_runner.js:165528:18)\n    at Async../node_modules/bluebird/js/release/async.js.Async._drainQueue (http://localhost:43925/__cypress/runner/cypress_runner.js:162140:16)\n    at Async../node_modules/bluebird/js/release/async.js.Async._drainQueues (http://localhost:43925/__cypress/runner/cypress_runner.js:162150:10)\n    at Async.drainQueues (http://localhost:43925/__cypress/runner/cypress_runner.js:162024:14)",
                "diff": null
              },
              "uuid": "dfe7ee58-8601-4553-9065-b33d0e783097",
              "parentUUID": "ab3cf5c3-c66f-4b5d-b719-fe2c370c2039",
              "isHook": false,
              "skipped": false
            },
            {
              "title": "Verifica se 40 pixels é o tamanho total do elemento, incluindo seu conteúdo e excluindo a borda preta, que deve ser criada à parte.",
              "fullTitle": "5 - Faça com que cada elemento do quadro de pixels possua 40 pixels de largura, 40 pixels de altura e seja delimitado por uma borda preta de 1 pixel. Verifica se 40 pixels é o tamanho total do elemento, incluindo seu conteúdo e excluindo a borda preta, que deve ser criada à parte.",
              "timedOut": null,
              "duration": 0,
              "state": "skipped",
              "speed": null,
              "pass": false,
              "fail": false,
              "pending": false,
              "context": null,
              "code": "cy.get('.pixel').each(function (pixel) {\n  cy.wrap(pixel).should('have.css', 'height', '40px').and('have.css', 'width', '40px').and('have.css', 'border', \"1px solid \".concat(BLACK));\n});",
              "err": {},
              "uuid": "df859abc-d2c8-4ca0-8067-d050dc81828d",
              "parentUUID": "ab3cf5c3-c66f-4b5d-b719-fe2c370c2039",
              "isHook": false,
              "skipped": true
            }
          ],
          "suites": [],
          "passes": [],
          "failures": [
            "dfe7ee58-8601-4553-9065-b33d0e783097"
          ],
          "pending": [],
          "skipped": [
            "df859abc-d2c8-4ca0-8067-d050dc81828d"
          ],
          "duration": 350,
          "root": false,
          "rootEmpty": false,
          "_timeout": 2000
        },
        {
          "uuid": "e09ebec6-b204-4937-b959-28135ad08f5d",
          "title": "6 - Defina a cor preta como cor inicial. Ao carregar a página a cor preta já deve estar selecionada para pintar os pixels",
          "fullFile": "",
          "file": "",
          "beforeHooks": [],
          "afterHooks": [],
          "tests": [
            {
              "title": "Verifica se o elemento da cor preta possui, inicialmente, a `classe` `selected`",
              "fullTitle": "6 - Defina a cor preta como cor inicial. Ao carregar a página a cor preta já deve estar selecionada para pintar os pixels Verifica se o elemento da cor preta possui, inicialmente, a `classe` `selected`",
              "timedOut": null,
              "duration": 457,
              "state": "failed",
              "speed": null,
              "pass": false,
              "fail": true,
              "pending": false,
              "context": null,
              "code": "cy.get('.selected').first().should('have.css', 'background-color', BLACK);",
              "err": {
                "message": "CypressError: cy.visit() failed trying to load:\n\n./index.html\n\nWe failed looking for this file at the path:\n\n/home/carlos/Projetos/sd-021-b-project-pixels-art/index.html\n\nThe internal Cypress web server responded with:\n\n  > 404: Not Found\n\nBecause this error occurred during a 'before each' hook we are skipping the remaining tests in the current suite: '6 - Defina a cor preta como...'",
                "estack": "CypressError: cy.visit() failed trying to load:\n\n./index.html\n\nWe failed looking for this file at the path:\n\n/home/carlos/Projetos/sd-021-b-project-pixels-art/index.html\n\nThe internal Cypress web server responded with:\n\n  > 404: Not Found\n\nBecause this error occurred during a 'before each' hook we are skipping the remaining tests in the current suite: '6 - Defina a cor preta como...'\n    at cypressErr (http://localhost:43925/__cypress/runner/cypress_runner.js:149934:9)\n    at throwErr (http://localhost:43925/__cypress/runner/cypress_runner.js:149867:11)\n    at Object.throwErrByPath (http://localhost:43925/__cypress/runner/cypress_runner.js:149915:3)\n    at http://localhost:43925/__cypress/runner/cypress_runner.js:138814:34\n    at visitFailedByErr (http://localhost:43925/__cypress/runner/cypress_runner.js:138327:12)\n    at http://localhost:43925/__cypress/runner/cypress_runner.js:138795:22\n    at tryCatcher (http://localhost:43925/__cypress/runner/cypress_runner.js:167415:23)\n    at Promise._settlePromiseFromHandler (http://localhost:43925/__cypress/runner/cypress_runner.js:165351:31)\n    at Promise._settlePromise (http://localhost:43925/__cypress/runner/cypress_runner.js:165408:18)\n    at Promise._settlePromise0 (http://localhost:43925/__cypress/runner/cypress_runner.js:165453:10)\n    at Promise._settlePromises (http://localhost:43925/__cypress/runner/cypress_runner.js:165528:18)\n    at Async../node_modules/bluebird/js/release/async.js.Async._drainQueue (http://localhost:43925/__cypress/runner/cypress_runner.js:162140:16)\n    at Async../node_modules/bluebird/js/release/async.js.Async._drainQueues (http://localhost:43925/__cypress/runner/cypress_runner.js:162150:10)\n    at Async.drainQueues (http://localhost:43925/__cypress/runner/cypress_runner.js:162024:14)",
                "diff": null
              },
              "uuid": "8b4c2fe9-77b1-488f-8353-adf6109ee82b",
              "parentUUID": "e09ebec6-b204-4937-b959-28135ad08f5d",
              "isHook": false,
              "skipped": false
            },
            {
              "title": "Verifica se nenhuma outra cor da paleta tem a `classe` `selected`",
              "fullTitle": "6 - Defina a cor preta como cor inicial. Ao carregar a página a cor preta já deve estar selecionada para pintar os pixels Verifica se nenhuma outra cor da paleta tem a `classe` `selected`",
              "timedOut": null,
              "duration": 0,
              "state": "skipped",
              "speed": null,
              "pass": false,
              "fail": false,
              "pending": false,
              "context": null,
              "code": "cy.get('.color:not(:first-child)').each(function (color) {\n  cy.wrap(color).should('not.have.class', 'selected');\n});",
              "err": {},
              "uuid": "5d672626-33a5-4d9d-a1fc-df1f6729153a",
              "parentUUID": "e09ebec6-b204-4937-b959-28135ad08f5d",
              "isHook": false,
              "skipped": true
            }
          ],
          "suites": [],
          "passes": [],
          "failures": [
            "8b4c2fe9-77b1-488f-8353-adf6109ee82b"
          ],
          "pending": [],
          "skipped": [
            "5d672626-33a5-4d9d-a1fc-df1f6729153a"
          ],
          "duration": 457,
          "root": false,
          "rootEmpty": false,
          "_timeout": 2000
        },
        {
          "uuid": "12525ed3-c940-491f-90c0-91b5dd4963b5",
          "title": "7 - Clicar em uma das cores da paleta, faz com que ela seja selecionada e utilizada para preencher os pixels no quadro.",
          "fullFile": "",
          "file": "",
          "beforeHooks": [],
          "afterHooks": [],
          "tests": [
            {
              "title": "Verifica se somente uma cor da paleta de cores tem a classe `selected` de cada vez",
              "fullTitle": "7 - Clicar em uma das cores da paleta, faz com que ela seja selecionada e utilizada para preencher os pixels no quadro. Verifica se somente uma cor da paleta de cores tem a classe `selected` de cada vez",
              "timedOut": null,
              "duration": 341,
              "state": "failed",
              "speed": null,
              "pass": false,
              "fail": true,
              "pending": false,
              "context": null,
              "code": "cy.get('.color').each(function (selectedColor, selectedColorIndex) {\n  cy.wrap(selectedColor).click();\n  cy.get('.color').each(function (color, colorIndex) {\n    if (colorIndex === selectedColorIndex) {\n      expect(color).to.have[\"class\"]('selected');\n    } else {\n      expect(color).not.to.have[\"class\"]('selected');\n    }\n  });\n});",
              "err": {
                "message": "CypressError: cy.visit() failed trying to load:\n\n./index.html\n\nWe failed looking for this file at the path:\n\n/home/carlos/Projetos/sd-021-b-project-pixels-art/index.html\n\nThe internal Cypress web server responded with:\n\n  > 404: Not Found\n\nBecause this error occurred during a 'before each' hook we are skipping the remaining tests in the current suite: '7 - Clicar em uma das cores...'",
                "estack": "CypressError: cy.visit() failed trying to load:\n\n./index.html\n\nWe failed looking for this file at the path:\n\n/home/carlos/Projetos/sd-021-b-project-pixels-art/index.html\n\nThe internal Cypress web server responded with:\n\n  > 404: Not Found\n\nBecause this error occurred during a 'before each' hook we are skipping the remaining tests in the current suite: '7 - Clicar em uma das cores...'\n    at cypressErr (http://localhost:43925/__cypress/runner/cypress_runner.js:149934:9)\n    at throwErr (http://localhost:43925/__cypress/runner/cypress_runner.js:149867:11)\n    at Object.throwErrByPath (http://localhost:43925/__cypress/runner/cypress_runner.js:149915:3)\n    at http://localhost:43925/__cypress/runner/cypress_runner.js:138814:34\n    at visitFailedByErr (http://localhost:43925/__cypress/runner/cypress_runner.js:138327:12)\n    at http://localhost:43925/__cypress/runner/cypress_runner.js:138795:22\n    at tryCatcher (http://localhost:43925/__cypress/runner/cypress_runner.js:167415:23)\n    at Promise._settlePromiseFromHandler (http://localhost:43925/__cypress/runner/cypress_runner.js:165351:31)\n    at Promise._settlePromise (http://localhost:43925/__cypress/runner/cypress_runner.js:165408:18)\n    at Promise._settlePromise0 (http://localhost:43925/__cypress/runner/cypress_runner.js:165453:10)\n    at Promise._settlePromises (http://localhost:43925/__cypress/runner/cypress_runner.js:165528:18)\n    at Async../node_modules/bluebird/js/release/async.js.Async._drainQueue (http://localhost:43925/__cypress/runner/cypress_runner.js:162140:16)\n    at Async../node_modules/bluebird/js/release/async.js.Async._drainQueues (http://localhost:43925/__cypress/runner/cypress_runner.js:162150:10)\n    at Async.drainQueues (http://localhost:43925/__cypress/runner/cypress_runner.js:162024:14)",
                "diff": null
              },
              "uuid": "fba4dd56-edcb-4389-939c-af44f34bec15",
              "parentUUID": "12525ed3-c940-491f-90c0-91b5dd4963b5",
              "isHook": false,
              "skipped": false
            },
            {
              "title": "Verifica se os pixels dentro do quadro não têm a classe `selected` quando são clicados",
              "fullTitle": "7 - Clicar em uma das cores da paleta, faz com que ela seja selecionada e utilizada para preencher os pixels no quadro. Verifica se os pixels dentro do quadro não têm a classe `selected` quando são clicados",
              "timedOut": null,
              "duration": 0,
              "state": "skipped",
              "speed": null,
              "pass": false,
              "fail": false,
              "pending": false,
              "context": null,
              "code": "cy.get('.color').each(function (color) {\n  var backgroundColor = color.css('background-color');\n  cy.wrap(color).click();\n  cy.get('.pixel').each(function (pixel) {\n    cy.wrap(pixel).click().should('not.have.class', 'selected');\n  });\n});",
              "err": {},
              "uuid": "e630169d-085d-45a0-b30a-52a7625b5aa3",
              "parentUUID": "12525ed3-c940-491f-90c0-91b5dd4963b5",
              "isHook": false,
              "skipped": true
            }
          ],
          "suites": [],
          "passes": [],
          "failures": [
            "fba4dd56-edcb-4389-939c-af44f34bec15"
          ],
          "pending": [],
          "skipped": [
            "e630169d-085d-45a0-b30a-52a7625b5aa3"
          ],
          "duration": 341,
          "root": false,
          "rootEmpty": false,
          "_timeout": 2000
        },
        {
          "uuid": "b7aa38bf-8b8d-426c-ad75-acf55c425e8e",
          "title": "8 - Clicar em um pixel dentro do quadro após selecionar uma cor na paleta, faz com que o pixel seja preenchido com a cor selecionada.",
          "fullFile": "",
          "file": "",
          "beforeHooks": [],
          "afterHooks": [],
          "tests": [
            {
              "title": "Verifica se ao carregar a página deve ser possível pintar os pixels de preto",
              "fullTitle": "8 - Clicar em um pixel dentro do quadro após selecionar uma cor na paleta, faz com que o pixel seja preenchido com a cor selecionada. Verifica se ao carregar a página deve ser possível pintar os pixels de preto",
              "timedOut": null,
              "duration": 338,
              "state": "failed",
              "speed": null,
              "pass": false,
              "fail": true,
              "pending": false,
              "context": null,
              "code": "cy.get('.pixel').each(function (pixel) {\n  cy.wrap(pixel).click().should('have.css', 'background-color', BLACK);\n});",
              "err": {
                "message": "CypressError: cy.visit() failed trying to load:\n\n./index.html\n\nWe failed looking for this file at the path:\n\n/home/carlos/Projetos/sd-021-b-project-pixels-art/index.html\n\nThe internal Cypress web server responded with:\n\n  > 404: Not Found\n\nBecause this error occurred during a 'before each' hook we are skipping the remaining tests in the current suite: '8 - Clicar em um pixel dent...'",
                "estack": "CypressError: cy.visit() failed trying to load:\n\n./index.html\n\nWe failed looking for this file at the path:\n\n/home/carlos/Projetos/sd-021-b-project-pixels-art/index.html\n\nThe internal Cypress web server responded with:\n\n  > 404: Not Found\n\nBecause this error occurred during a 'before each' hook we are skipping the remaining tests in the current suite: '8 - Clicar em um pixel dent...'\n    at cypressErr (http://localhost:43925/__cypress/runner/cypress_runner.js:149934:9)\n    at throwErr (http://localhost:43925/__cypress/runner/cypress_runner.js:149867:11)\n    at Object.throwErrByPath (http://localhost:43925/__cypress/runner/cypress_runner.js:149915:3)\n    at http://localhost:43925/__cypress/runner/cypress_runner.js:138814:34\n    at visitFailedByErr (http://localhost:43925/__cypress/runner/cypress_runner.js:138327:12)\n    at http://localhost:43925/__cypress/runner/cypress_runner.js:138795:22\n    at tryCatcher (http://localhost:43925/__cypress/runner/cypress_runner.js:167415:23)\n    at Promise._settlePromiseFromHandler (http://localhost:43925/__cypress/runner/cypress_runner.js:165351:31)\n    at Promise._settlePromise (http://localhost:43925/__cypress/runner/cypress_runner.js:165408:18)\n    at Promise._settlePromise0 (http://localhost:43925/__cypress/runner/cypress_runner.js:165453:10)\n    at Promise._settlePromises (http://localhost:43925/__cypress/runner/cypress_runner.js:165528:18)\n    at Async../node_modules/bluebird/js/release/async.js.Async._drainQueue (http://localhost:43925/__cypress/runner/cypress_runner.js:162140:16)\n    at Async../node_modules/bluebird/js/release/async.js.Async._drainQueues (http://localhost:43925/__cypress/runner/cypress_runner.js:162150:10)\n    at Async.drainQueues (http://localhost:43925/__cypress/runner/cypress_runner.js:162024:14)",
                "diff": null
              },
              "uuid": "0c40e2b7-a092-4706-b761-c85d585a150e",
              "parentUUID": "b7aa38bf-8b8d-426c-ad75-acf55c425e8e",
              "isHook": false,
              "skipped": false
            },
            {
              "title": "Verifica se após selecionar uma outra cor na paleta, é possível pintar os pixels com essa cor",
              "fullTitle": "8 - Clicar em um pixel dentro do quadro após selecionar uma cor na paleta, faz com que o pixel seja preenchido com a cor selecionada. Verifica se após selecionar uma outra cor na paleta, é possível pintar os pixels com essa cor",
              "timedOut": null,
              "duration": 0,
              "state": "skipped",
              "speed": null,
              "pass": false,
              "fail": false,
              "pending": false,
              "context": null,
              "code": "cy.get('.color').each(function (color) {\n  var backgroundColor = color.css('background-color');\n  cy.wrap(color).click();\n  cy.get('.pixel').each(function (pixel) {\n    cy.wrap(pixel).click().should('have.css', 'background-color', backgroundColor);\n  });\n});",
              "err": {},
              "uuid": "28752b8c-d484-4507-ad50-23fe7ebe3f72",
              "parentUUID": "b7aa38bf-8b8d-426c-ad75-acf55c425e8e",
              "isHook": false,
              "skipped": true
            },
            {
              "title": "Verifica se somente o pixel que foi clicado foi preenchido com a cor selecionada, sem influenciar na cor dos demais pixels.",
              "fullTitle": "8 - Clicar em um pixel dentro do quadro após selecionar uma cor na paleta, faz com que o pixel seja preenchido com a cor selecionada. Verifica se somente o pixel que foi clicado foi preenchido com a cor selecionada, sem influenciar na cor dos demais pixels.",
              "timedOut": null,
              "duration": 0,
              "state": "skipped",
              "speed": null,
              "pass": false,
              "fail": false,
              "pending": false,
              "context": null,
              "code": "var colorToPixelIndexMap = {\n  0: 6,\n  1: 8,\n  2: 16,\n  3: 18\n};\ncy.get('.color').each(function (color, index) {\n  cy.wrap(color).click();\n  var backgroundColor = color.css('background-color');\n  var clickedPixelIndex = colorToPixelIndexMap[index];\n  cy.get('.pixel').eq(clickedPixelIndex).click();\n  cy.get('.pixel').eq(clickedPixelIndex - 1).should('not.have.css', 'background-color', backgroundColor);\n  cy.get('.pixel').eq(clickedPixelIndex + 1).should('not.have.css', 'background-color', backgroundColor);\n  cy.get('.pixel').eq(clickedPixelIndex - 5).should('not.have.css', 'background-color', backgroundColor);\n  cy.get('.pixel').eq(clickedPixelIndex + 5).should('not.have.css', 'background-color', backgroundColor);\n  cy.get('.pixel').eq(clickedPixelIndex - 6).should('not.have.css', 'background-color', backgroundColor);\n  cy.get('.pixel').eq(clickedPixelIndex - 4).should('not.have.css', 'background-color', backgroundColor);\n  cy.get('.pixel').eq(clickedPixelIndex + 4).should('not.have.css', 'background-color', backgroundColor);\n  cy.get('.pixel').eq(clickedPixelIndex + 6).should('not.have.css', 'background-color', backgroundColor);\n});",
              "err": {},
              "uuid": "0f295768-b97d-441b-8d8b-eb371fb3748d",
              "parentUUID": "b7aa38bf-8b8d-426c-ad75-acf55c425e8e",
              "isHook": false,
              "skipped": true
            }
          ],
          "suites": [],
          "passes": [],
          "failures": [
            "0c40e2b7-a092-4706-b761-c85d585a150e"
          ],
          "pending": [],
          "skipped": [
            "28752b8c-d484-4507-ad50-23fe7ebe3f72",
            "0f295768-b97d-441b-8d8b-eb371fb3748d"
          ],
          "duration": 338,
          "root": false,
          "rootEmpty": false,
          "_timeout": 2000
        },
        {
          "uuid": "8456fcc8-9fd0-4424-a364-6e299e0caa16",
          "title": "9 - Crie um botão que, ao ser clicado, limpa o quadro preenchendo a cor de todos seus pixels com branco.",
          "fullFile": "",
          "file": "",
          "beforeHooks": [],
          "afterHooks": [],
          "tests": [
            {
              "title": "Verifica se o botão tem o `id` denominado `clear-board`",
              "fullTitle": "9 - Crie um botão que, ao ser clicado, limpa o quadro preenchendo a cor de todos seus pixels com branco. Verifica se o botão tem o `id` denominado `clear-board`",
              "timedOut": null,
              "duration": 462,
              "state": "failed",
              "speed": null,
              "pass": false,
              "fail": true,
              "pending": false,
              "context": null,
              "code": "cy.get('#clear-board').should('be.visible');",
              "err": {
                "message": "CypressError: cy.visit() failed trying to load:\n\n./index.html\n\nWe failed looking for this file at the path:\n\n/home/carlos/Projetos/sd-021-b-project-pixels-art/index.html\n\nThe internal Cypress web server responded with:\n\n  > 404: Not Found\n\nBecause this error occurred during a 'before each' hook we are skipping the remaining tests in the current suite: '9 - Crie um botão que, ao s...'",
                "estack": "CypressError: cy.visit() failed trying to load:\n\n./index.html\n\nWe failed looking for this file at the path:\n\n/home/carlos/Projetos/sd-021-b-project-pixels-art/index.html\n\nThe internal Cypress web server responded with:\n\n  > 404: Not Found\n\nBecause this error occurred during a 'before each' hook we are skipping the remaining tests in the current suite: '9 - Crie um botão que, ao s...'\n    at cypressErr (http://localhost:43925/__cypress/runner/cypress_runner.js:149934:9)\n    at throwErr (http://localhost:43925/__cypress/runner/cypress_runner.js:149867:11)\n    at Object.throwErrByPath (http://localhost:43925/__cypress/runner/cypress_runner.js:149915:3)\n    at http://localhost:43925/__cypress/runner/cypress_runner.js:138814:34\n    at visitFailedByErr (http://localhost:43925/__cypress/runner/cypress_runner.js:138327:12)\n    at http://localhost:43925/__cypress/runner/cypress_runner.js:138795:22\n    at tryCatcher (http://localhost:43925/__cypress/runner/cypress_runner.js:167415:23)\n    at Promise._settlePromiseFromHandler (http://localhost:43925/__cypress/runner/cypress_runner.js:165351:31)\n    at Promise._settlePromise (http://localhost:43925/__cypress/runner/cypress_runner.js:165408:18)\n    at Promise._settlePromise0 (http://localhost:43925/__cypress/runner/cypress_runner.js:165453:10)\n    at Promise._settlePromises (http://localhost:43925/__cypress/runner/cypress_runner.js:165528:18)\n    at Async../node_modules/bluebird/js/release/async.js.Async._drainQueue (http://localhost:43925/__cypress/runner/cypress_runner.js:162140:16)\n    at Async../node_modules/bluebird/js/release/async.js.Async._drainQueues (http://localhost:43925/__cypress/runner/cypress_runner.js:162150:10)\n    at Async.drainQueues (http://localhost:43925/__cypress/runner/cypress_runner.js:162024:14)",
                "diff": null
              },
              "uuid": "4c36d76b-4a8e-4320-8b22-3496772255b2",
              "parentUUID": "8456fcc8-9fd0-4424-a364-6e299e0caa16",
              "isHook": false,
              "skipped": false
            },
            {
              "title": "Verifica se o botão está posicionado entre a paleta de cores e o quadro de pixels",
              "fullTitle": "9 - Crie um botão que, ao ser clicado, limpa o quadro preenchendo a cor de todos seus pixels com branco. Verifica se o botão está posicionado entre a paleta de cores e o quadro de pixels",
              "timedOut": null,
              "duration": 0,
              "state": "skipped",
              "speed": null,
              "pass": false,
              "fail": false,
              "pending": false,
              "context": null,
              "code": "cy.get('#color-palette').then(function (palette) {\n  cy.get('#clear-board').should('be.belowOf', palette);\n});\ncy.get('#clear-board').then(function (clearBtn) {\n  cy.get('#pixel-board').should('be.belowOf', clearBtn);\n});",
              "err": {},
              "uuid": "cfca92c4-70cb-4296-85e3-f7d4fcaba393",
              "parentUUID": "8456fcc8-9fd0-4424-a364-6e299e0caa16",
              "isHook": false,
              "skipped": true
            },
            {
              "title": "Verifica se o texto do botão é 'Limpar'",
              "fullTitle": "9 - Crie um botão que, ao ser clicado, limpa o quadro preenchendo a cor de todos seus pixels com branco. Verifica se o texto do botão é 'Limpar'",
              "timedOut": null,
              "duration": 0,
              "state": "skipped",
              "speed": null,
              "pass": false,
              "fail": false,
              "pending": false,
              "context": null,
              "code": "cy.get('#clear-board').should('contain.text', 'Limpar');",
              "err": {},
              "uuid": "b0ffcae0-7449-418b-801a-5bd0a6b0708d",
              "parentUUID": "8456fcc8-9fd0-4424-a364-6e299e0caa16",
              "isHook": false,
              "skipped": true
            },
            {
              "title": "Verifica se ao clicar no botão, o quadro de pixels é totalmente preenchido de branco",
              "fullTitle": "9 - Crie um botão que, ao ser clicado, limpa o quadro preenchendo a cor de todos seus pixels com branco. Verifica se ao clicar no botão, o quadro de pixels é totalmente preenchido de branco",
              "timedOut": null,
              "duration": 0,
              "state": "skipped",
              "speed": null,
              "pass": false,
              "fail": false,
              "pending": false,
              "context": null,
              "code": "cy.get('.color').eq(1).then(function (color) {\n  var backgroundColor = color.css('background-color');\n  cy.wrap(color).click();\n  cy.get('.pixel').each(function (pixel) {\n    cy.wrap(pixel).click().should('have.css', 'background-color', backgroundColor);\n  });\n});\ncy.get('#clear-board').click();\ncy.get('.pixel').each(function (pixel) {\n  cy.wrap(pixel).should('have.css', 'background-color', WHITE);\n});",
              "err": {},
              "uuid": "945537e7-682d-4562-9dc7-453d4aadcc0b",
              "parentUUID": "8456fcc8-9fd0-4424-a364-6e299e0caa16",
              "isHook": false,
              "skipped": true
            }
          ],
          "suites": [],
          "passes": [],
          "failures": [
            "4c36d76b-4a8e-4320-8b22-3496772255b2"
          ],
          "pending": [],
          "skipped": [
            "cfca92c4-70cb-4296-85e3-f7d4fcaba393",
            "b0ffcae0-7449-418b-801a-5bd0a6b0708d",
            "945537e7-682d-4562-9dc7-453d4aadcc0b"
          ],
          "duration": 462,
          "root": false,
          "rootEmpty": false,
          "_timeout": 2000
        },
        {
          "uuid": "c168db28-9f54-4efd-aea4-258e5d6e8f25",
          "title": "10 - Faça o quadro de pixels ter seu tamanho definido pelo usuário.",
          "fullFile": "",
          "file": "",
          "beforeHooks": [],
          "afterHooks": [],
          "tests": [
            {
              "title": "Verifica se existe um input com o id `board-size`",
              "fullTitle": "10 - Faça o quadro de pixels ter seu tamanho definido pelo usuário. Verifica se existe um input com o id `board-size`",
              "timedOut": null,
              "duration": 290,
              "state": "failed",
              "speed": null,
              "pass": false,
              "fail": true,
              "pending": false,
              "context": null,
              "code": "cy.get('#board-size').should('be.visible');",
              "err": {
                "message": "CypressError: cy.visit() failed trying to load:\n\n./index.html\n\nWe failed looking for this file at the path:\n\n/home/carlos/Projetos/sd-021-b-project-pixels-art/index.html\n\nThe internal Cypress web server responded with:\n\n  > 404: Not Found\n\nBecause this error occurred during a 'before each' hook we are skipping the remaining tests in the current suite: '10 - Faça o quadro de pixel...'",
                "estack": "CypressError: cy.visit() failed trying to load:\n\n./index.html\n\nWe failed looking for this file at the path:\n\n/home/carlos/Projetos/sd-021-b-project-pixels-art/index.html\n\nThe internal Cypress web server responded with:\n\n  > 404: Not Found\n\nBecause this error occurred during a 'before each' hook we are skipping the remaining tests in the current suite: '10 - Faça o quadro de pixel...'\n    at cypressErr (http://localhost:43925/__cypress/runner/cypress_runner.js:149934:9)\n    at throwErr (http://localhost:43925/__cypress/runner/cypress_runner.js:149867:11)\n    at Object.throwErrByPath (http://localhost:43925/__cypress/runner/cypress_runner.js:149915:3)\n    at http://localhost:43925/__cypress/runner/cypress_runner.js:138814:34\n    at visitFailedByErr (http://localhost:43925/__cypress/runner/cypress_runner.js:138327:12)\n    at http://localhost:43925/__cypress/runner/cypress_runner.js:138795:22\n    at tryCatcher (http://localhost:43925/__cypress/runner/cypress_runner.js:167415:23)\n    at Promise._settlePromiseFromHandler (http://localhost:43925/__cypress/runner/cypress_runner.js:165351:31)\n    at Promise._settlePromise (http://localhost:43925/__cypress/runner/cypress_runner.js:165408:18)\n    at Promise._settlePromise0 (http://localhost:43925/__cypress/runner/cypress_runner.js:165453:10)\n    at Promise._settlePromises (http://localhost:43925/__cypress/runner/cypress_runner.js:165528:18)\n    at Async../node_modules/bluebird/js/release/async.js.Async._drainQueue (http://localhost:43925/__cypress/runner/cypress_runner.js:162140:16)\n    at Async../node_modules/bluebird/js/release/async.js.Async._drainQueues (http://localhost:43925/__cypress/runner/cypress_runner.js:162150:10)\n    at Async.drainQueues (http://localhost:43925/__cypress/runner/cypress_runner.js:162024:14)",
                "diff": null
              },
              "uuid": "3209f909-c93c-4cfa-bb5c-7468d6468e63",
              "parentUUID": "c168db28-9f54-4efd-aea4-258e5d6e8f25",
              "isHook": false,
              "skipped": false
            },
            {
              "title": "Verifica se existe um botão com o id `generate-board`",
              "fullTitle": "10 - Faça o quadro de pixels ter seu tamanho definido pelo usuário. Verifica se existe um botão com o id `generate-board`",
              "timedOut": null,
              "duration": 0,
              "state": "skipped",
              "speed": null,
              "pass": false,
              "fail": false,
              "pending": false,
              "context": null,
              "code": "cy.get('#generate-board').should('be.visible');",
              "err": {},
              "uuid": "97ab5630-f664-437f-960c-ea9b6936bbb5",
              "parentUUID": "c168db28-9f54-4efd-aea4-258e5d6e8f25",
              "isHook": false,
              "skipped": true
            },
            {
              "title": "Verifica se o input só aceita número maiores que zero. Essa restrição deve ser feita usando os atributos do elemento `input`",
              "fullTitle": "10 - Faça o quadro de pixels ter seu tamanho definido pelo usuário. Verifica se o input só aceita número maiores que zero. Essa restrição deve ser feita usando os atributos do elemento `input`",
              "timedOut": null,
              "duration": 0,
              "state": "skipped",
              "speed": null,
              "pass": false,
              "fail": false,
              "pending": false,
              "context": null,
              "code": "cy.get('#board-size[type=\\'number\\'][min=\\'1\\']');",
              "err": {},
              "uuid": "f2d17b35-da80-41af-8757-313876414a60",
              "parentUUID": "c168db28-9f54-4efd-aea4-258e5d6e8f25",
              "isHook": false,
              "skipped": true
            },
            {
              "title": "Verifica se o botão contém o texto 'VQV'",
              "fullTitle": "10 - Faça o quadro de pixels ter seu tamanho definido pelo usuário. Verifica se o botão contém o texto 'VQV'",
              "timedOut": null,
              "duration": 0,
              "state": "skipped",
              "speed": null,
              "pass": false,
              "fail": false,
              "pending": false,
              "context": null,
              "code": "cy.get('#generate-board').contains(/vqv/i);",
              "err": {},
              "uuid": "5452d742-1b54-4170-b6fb-2cfa41c86fce",
              "parentUUID": "c168db28-9f54-4efd-aea4-258e5d6e8f25",
              "isHook": false,
              "skipped": true
            },
            {
              "title": "Verifica se o input está posicionado entre a paleta de cores e o quadro de pixels",
              "fullTitle": "10 - Faça o quadro de pixels ter seu tamanho definido pelo usuário. Verifica se o input está posicionado entre a paleta de cores e o quadro de pixels",
              "timedOut": null,
              "duration": 0,
              "state": "skipped",
              "speed": null,
              "pass": false,
              "fail": false,
              "pending": false,
              "context": null,
              "code": "cy.get('#color-palette').then(function (palette) {\n  cy.get('#board-size').should('be.belowOf', palette);\n});\ncy.get('#board-size').then(function (palette) {\n  cy.get('#pixel-board').should('be.belowOf', palette);\n});",
              "err": {},
              "uuid": "57aade8b-bb6c-4e78-997f-3059be4c802c",
              "parentUUID": "c168db28-9f54-4efd-aea4-258e5d6e8f25",
              "isHook": false,
              "skipped": true
            },
            {
              "title": "Verifica se o botão está posicionado ao lado do input",
              "fullTitle": "10 - Faça o quadro de pixels ter seu tamanho definido pelo usuário. Verifica se o botão está posicionado ao lado do input",
              "timedOut": null,
              "duration": 0,
              "state": "skipped",
              "speed": null,
              "pass": false,
              "fail": false,
              "pending": false,
              "context": null,
              "code": "cy.get('#board-size').then(function (board) {\n  cy.get('#generate-board').should('be.onTheRightOf', board);\n});",
              "err": {},
              "uuid": "77021884-8d31-4fa6-bae9-800733927603",
              "parentUUID": "c168db28-9f54-4efd-aea4-258e5d6e8f25",
              "isHook": false,
              "skipped": true
            },
            {
              "title": "Verifica se nenhum valor for colocado no input ao clicar no botão, um `alert` é exibido com o texto: 'Board inválido!'",
              "fullTitle": "10 - Faça o quadro de pixels ter seu tamanho definido pelo usuário. Verifica se nenhum valor for colocado no input ao clicar no botão, um `alert` é exibido com o texto: 'Board inválido!'",
              "timedOut": null,
              "duration": 0,
              "state": "skipped",
              "speed": null,
              "pass": false,
              "fail": false,
              "pending": false,
              "context": null,
              "code": "var alerted = false;\ncy.on('window:alert', function (msg) {\n  return alerted = msg;\n});\ncy.get('#generate-board').click().then(function () {\n  return expect(alerted).to.match(/Board inválido!/i);\n});",
              "err": {},
              "uuid": "766cee50-e3f8-4c2e-8e96-6b4badce0516",
              "parentUUID": "c168db28-9f54-4efd-aea4-258e5d6e8f25",
              "isHook": false,
              "skipped": true
            },
            {
              "title": "Verifica se ao clicar no botão com um valor preenchido, o tamanho do board muda.",
              "fullTitle": "10 - Faça o quadro de pixels ter seu tamanho definido pelo usuário. Verifica se ao clicar no botão com um valor preenchido, o tamanho do board muda.",
              "timedOut": null,
              "duration": 0,
              "state": "skipped",
              "speed": null,
              "pass": false,
              "fail": false,
              "pending": false,
              "context": null,
              "code": "cy.get('#board-size').clear().type(10);\ncy.get('#generate-board').click();\ncy.get('.pixel').should('have.length', 100);",
              "err": {},
              "uuid": "45ff2a77-bdc0-4802-a476-59dc96231112",
              "parentUUID": "c168db28-9f54-4efd-aea4-258e5d6e8f25",
              "isHook": false,
              "skipped": true
            },
            {
              "title": "Verifica se o novo quadro tem todos os pixels preenchidos com a cor branca",
              "fullTitle": "10 - Faça o quadro de pixels ter seu tamanho definido pelo usuário. Verifica se o novo quadro tem todos os pixels preenchidos com a cor branca",
              "timedOut": null,
              "duration": 0,
              "state": "skipped",
              "speed": null,
              "pass": false,
              "fail": false,
              "pending": false,
              "context": null,
              "code": "cy.get('#board-size').clear().type(6);\ncy.get('#generate-board').click();\ncy.get('.pixel').should('have.length', 36).each(function (pixel) {\n  expect(pixel).to.have.css('background-color', WHITE);\n});",
              "err": {},
              "uuid": "1092a1df-5410-4f9e-8c98-c05e259196ba",
              "parentUUID": "c168db28-9f54-4efd-aea4-258e5d6e8f25",
              "isHook": false,
              "skipped": true
            }
          ],
          "suites": [],
          "passes": [],
          "failures": [
            "3209f909-c93c-4cfa-bb5c-7468d6468e63"
          ],
          "pending": [],
          "skipped": [
            "97ab5630-f664-437f-960c-ea9b6936bbb5",
            "f2d17b35-da80-41af-8757-313876414a60",
            "5452d742-1b54-4170-b6fb-2cfa41c86fce",
            "57aade8b-bb6c-4e78-997f-3059be4c802c",
            "77021884-8d31-4fa6-bae9-800733927603",
            "766cee50-e3f8-4c2e-8e96-6b4badce0516",
            "45ff2a77-bdc0-4802-a476-59dc96231112",
            "1092a1df-5410-4f9e-8c98-c05e259196ba"
          ],
          "duration": 290,
          "root": false,
          "rootEmpty": false,
          "_timeout": 2000
        },
        {
          "uuid": "5bfcf61a-a37d-4743-88f4-87ce3a3335e5",
          "title": "11 - Limite o tamanho mínimo e máximo do board.",
          "fullFile": "",
          "file": "",
          "beforeHooks": [],
          "afterHooks": [],
          "tests": [
            {
              "title": "Verifica se a altura máxima do board é 50",
              "fullTitle": "11 - Limite o tamanho mínimo e máximo do board. Verifica se a altura máxima do board é 50",
              "timedOut": null,
              "duration": 472,
              "state": "failed",
              "speed": null,
              "pass": false,
              "fail": true,
              "pending": false,
              "context": null,
              "code": "cy.get('#board-size').clear().type(50);\ncy.get('#generate-board').click();\ncy.get('.pixel').should('have.length', 2500);",
              "err": {
                "message": "CypressError: cy.visit() failed trying to load:\n\n./index.html\n\nWe failed looking for this file at the path:\n\n/home/carlos/Projetos/sd-021-b-project-pixels-art/index.html\n\nThe internal Cypress web server responded with:\n\n  > 404: Not Found\n\nBecause this error occurred during a 'before each' hook we are skipping the remaining tests in the current suite: '11 - Limite o tamanho mínim...'",
                "estack": "CypressError: cy.visit() failed trying to load:\n\n./index.html\n\nWe failed looking for this file at the path:\n\n/home/carlos/Projetos/sd-021-b-project-pixels-art/index.html\n\nThe internal Cypress web server responded with:\n\n  > 404: Not Found\n\nBecause this error occurred during a 'before each' hook we are skipping the remaining tests in the current suite: '11 - Limite o tamanho mínim...'\n    at cypressErr (http://localhost:43925/__cypress/runner/cypress_runner.js:149934:9)\n    at throwErr (http://localhost:43925/__cypress/runner/cypress_runner.js:149867:11)\n    at Object.throwErrByPath (http://localhost:43925/__cypress/runner/cypress_runner.js:149915:3)\n    at http://localhost:43925/__cypress/runner/cypress_runner.js:138814:34\n    at visitFailedByErr (http://localhost:43925/__cypress/runner/cypress_runner.js:138327:12)\n    at http://localhost:43925/__cypress/runner/cypress_runner.js:138795:22\n    at tryCatcher (http://localhost:43925/__cypress/runner/cypress_runner.js:167415:23)\n    at Promise._settlePromiseFromHandler (http://localhost:43925/__cypress/runner/cypress_runner.js:165351:31)\n    at Promise._settlePromise (http://localhost:43925/__cypress/runner/cypress_runner.js:165408:18)\n    at Promise._settlePromise0 (http://localhost:43925/__cypress/runner/cypress_runner.js:165453:10)\n    at Promise._settlePromises (http://localhost:43925/__cypress/runner/cypress_runner.js:165528:18)\n    at Async../node_modules/bluebird/js/release/async.js.Async._drainQueue (http://localhost:43925/__cypress/runner/cypress_runner.js:162140:16)\n    at Async../node_modules/bluebird/js/release/async.js.Async._drainQueues (http://localhost:43925/__cypress/runner/cypress_runner.js:162150:10)\n    at Async.drainQueues (http://localhost:43925/__cypress/runner/cypress_runner.js:162024:14)",
                "diff": null
              },
              "uuid": "984d308e-402f-4262-ae6f-ca8206398344",
              "parentUUID": "5bfcf61a-a37d-4743-88f4-87ce3a3335e5",
              "isHook": false,
              "skipped": false
            },
            {
              "title": "Verifica se a altura do board é 5 quando um valor menor é colocado no input",
              "fullTitle": "11 - Limite o tamanho mínimo e máximo do board. Verifica se a altura do board é 5 quando um valor menor é colocado no input",
              "timedOut": null,
              "duration": 0,
              "state": "skipped",
              "speed": null,
              "pass": false,
              "fail": false,
              "pending": false,
              "context": null,
              "code": "cy.get('#board-size').clear().type(4);\ncy.get('#generate-board').click();\ncy.get('.pixel').should('have.length', 25);",
              "err": {},
              "uuid": "541159fb-3065-46a3-932f-308ffb39cd4e",
              "parentUUID": "5bfcf61a-a37d-4743-88f4-87ce3a3335e5",
              "isHook": false,
              "skipped": true
            },
            {
              "title": "Verifica se a altura do board é 50 quando um valor maior é colocado no input",
              "fullTitle": "11 - Limite o tamanho mínimo e máximo do board. Verifica se a altura do board é 50 quando um valor maior é colocado no input",
              "timedOut": null,
              "duration": 0,
              "state": "skipped",
              "speed": null,
              "pass": false,
              "fail": false,
              "pending": false,
              "context": null,
              "code": "cy.get('#board-size').clear().type(51);\ncy.get('#generate-board').click();\ncy.get('.pixel').should('have.length', 2500);",
              "err": {},
              "uuid": "831e7e86-49c0-4934-8dd4-327fdc74e339",
              "parentUUID": "5bfcf61a-a37d-4743-88f4-87ce3a3335e5",
              "isHook": false,
              "skipped": true
            }
          ],
          "suites": [],
          "passes": [],
          "failures": [
            "984d308e-402f-4262-ae6f-ca8206398344"
          ],
          "pending": [],
          "skipped": [
            "541159fb-3065-46a3-932f-308ffb39cd4e",
            "831e7e86-49c0-4934-8dd4-327fdc74e339"
          ],
          "duration": 472,
          "root": false,
          "rootEmpty": false,
          "_timeout": 2000
        },
        {
          "uuid": "162da49a-dbf1-4f0d-9c4b-777ccd784076",
          "title": "12 - Faça com que as cores da paleta sejam geradas aleatoriamente ao carregar a página.",
          "fullFile": "",
          "file": "",
          "beforeHooks": [],
          "afterHooks": [],
          "tests": [
            {
              "title": "Verifica se as cores geradas na paleta são diferentes a cada carregamento da página",
              "fullTitle": "12 - Faça com que as cores da paleta sejam geradas aleatoriamente ao carregar a página. Verifica se as cores geradas na paleta são diferentes a cada carregamento da página",
              "timedOut": null,
              "duration": 504,
              "state": "failed",
              "speed": null,
              "pass": false,
              "fail": true,
              "pending": false,
              "context": null,
              "code": "cy.get('.color').then(function (colors) {\n  var currentColors;\n  var previousColors;\n  previousColors = Array.from(colors).map(function (color) {\n    return Cypress.$(color).css('background-color');\n  });\n  for (var i = 0; i < 5; i += 1) {\n    cy.reload();\n    cy.get('.color').then(function (colors) {\n      currentColors = Array.from(colors).map(function (color) {\n        return Cypress.$(color).css('background-color');\n      });\n      expect(currentColors).not.to.deep.equal(previousColors);\n      previousColors = currentColors;\n    });\n  }\n});",
              "err": {
                "message": "CypressError: cy.visit() failed trying to load:\n\n./index.html\n\nWe failed looking for this file at the path:\n\n/home/carlos/Projetos/sd-021-b-project-pixels-art/index.html\n\nThe internal Cypress web server responded with:\n\n  > 404: Not Found\n\nBecause this error occurred during a 'before each' hook we are skipping the remaining tests in the current suite: '12 - Faça com que as cores ...'",
                "estack": "CypressError: cy.visit() failed trying to load:\n\n./index.html\n\nWe failed looking for this file at the path:\n\n/home/carlos/Projetos/sd-021-b-project-pixels-art/index.html\n\nThe internal Cypress web server responded with:\n\n  > 404: Not Found\n\nBecause this error occurred during a 'before each' hook we are skipping the remaining tests in the current suite: '12 - Faça com que as cores ...'\n    at cypressErr (http://localhost:43925/__cypress/runner/cypress_runner.js:149934:9)\n    at throwErr (http://localhost:43925/__cypress/runner/cypress_runner.js:149867:11)\n    at Object.throwErrByPath (http://localhost:43925/__cypress/runner/cypress_runner.js:149915:3)\n    at http://localhost:43925/__cypress/runner/cypress_runner.js:138814:34\n    at visitFailedByErr (http://localhost:43925/__cypress/runner/cypress_runner.js:138327:12)\n    at http://localhost:43925/__cypress/runner/cypress_runner.js:138795:22\n    at tryCatcher (http://localhost:43925/__cypress/runner/cypress_runner.js:167415:23)\n    at Promise._settlePromiseFromHandler (http://localhost:43925/__cypress/runner/cypress_runner.js:165351:31)\n    at Promise._settlePromise (http://localhost:43925/__cypress/runner/cypress_runner.js:165408:18)\n    at Promise._settlePromise0 (http://localhost:43925/__cypress/runner/cypress_runner.js:165453:10)\n    at Promise._settlePromises (http://localhost:43925/__cypress/runner/cypress_runner.js:165528:18)\n    at Async../node_modules/bluebird/js/release/async.js.Async._drainQueue (http://localhost:43925/__cypress/runner/cypress_runner.js:162140:16)\n    at Async../node_modules/bluebird/js/release/async.js.Async._drainQueues (http://localhost:43925/__cypress/runner/cypress_runner.js:162150:10)\n    at Async.drainQueues (http://localhost:43925/__cypress/runner/cypress_runner.js:162024:14)",
                "diff": null
              },
              "uuid": "942070d5-db35-4f5a-8c76-b38063979b1a",
              "parentUUID": "162da49a-dbf1-4f0d-9c4b-777ccd784076",
              "isHook": false,
              "skipped": false
            },
            {
              "title": "Verifica se a cor preta ainda está presente e é a primeira na sua paleta de cores",
              "fullTitle": "12 - Faça com que as cores da paleta sejam geradas aleatoriamente ao carregar a página. Verifica se a cor preta ainda está presente e é a primeira na sua paleta de cores",
              "timedOut": null,
              "duration": 0,
              "state": "skipped",
              "speed": null,
              "pass": false,
              "fail": false,
              "pending": false,
              "context": null,
              "code": "cy.get('.color').then(function (colors) {\n  var currentColors;\n  var previousColors;\n  previousColors = Array.from(colors).map(function (color) {\n    return Cypress.$(color).css('background-color');\n  });\n  expect(previousColors[0]).to.eq(BLACK);\n  for (var i = 0; i < 5; i += 1) {\n    cy.reload();\n    cy.get('.color').then(function (colors) {\n      currentColors = Array.from(colors).map(function (color) {\n        return Cypress.$(color).css('background-color');\n      });\n      expect(currentColors[0]).to.eq(BLACK);\n      expect(currentColors).not.to.deep.equal(previousColors);\n      previousColors = currentColors;\n    });\n  }\n});",
              "err": {},
              "uuid": "da491426-a4f5-4596-be37-cd6b7a708f6e",
              "parentUUID": "162da49a-dbf1-4f0d-9c4b-777ccd784076",
              "isHook": false,
              "skipped": true
            }
          ],
          "suites": [],
          "passes": [],
          "failures": [
            "942070d5-db35-4f5a-8c76-b38063979b1a"
          ],
          "pending": [],
          "skipped": [
            "da491426-a4f5-4596-be37-cd6b7a708f6e"
          ],
          "duration": 504,
          "root": false,
          "rootEmpty": false,
          "_timeout": 2000
        }
      ],
      "passes": [],
      "failures": [],
      "pending": [],
      "skipped": [],
      "duration": 0,
      "root": true,
      "rootEmpty": true,
      "_timeout": 2000
    }
  ],
  "meta": {
    "mocha": {
      "version": "7.0.1"
    },
    "mochawesome": {
      "options": {
        "quiet": false,
        "reportFilename": "mochawesome",
        "saveHtml": false,
        "saveJson": true,
        "consoleReporter": "spec",
        "useInlineDiffs": false
      },
      "version": "4.1.0"
    },
    "marge": {
      "options": {
        "id": "default",
        "reportDir": "cypress/reports",
        "overwrite": true,
        "html": false,
        "json": true
      },
      "version": "4.1.0"
    }
  }
}